<?xml version="1.0" encoding="UTF-8"?>
<testng-results skipped="0" failed="0" ignored="0" total="1" passed="1">
  <reporter-output>
  </reporter-output>
  <suite name="Default suite" duration-ms="6470" started-at="2022-03-28T01:21:10 CDT" finished-at="2022-03-28T01:21:17 CDT">
    <groups>
    </groups>
    <test name="Default test" duration-ms="6470" started-at="2022-03-28T01:21:10 CDT" finished-at="2022-03-28T01:21:17 CDT">
      <class name="test.LoginTest">
        <test-method status="PASS" signature="validUserShouldBeAbleToLogIn()[pri:0, instance:test.LoginTest@4d41cee]" name="validUserShouldBeAbleToLogIn" duration-ms="6435" started-at="2022-03-28T01:21:10 CDT" finished-at="2022-03-28T01:21:17 CDT">
          <reporter-output>
          </reporter-output>
        </test-method> <!-- validUserShouldBeAbleToLogIn -->
      </class> <!-- test.LoginTest -->
    </test> <!-- Default test -->
  </suite> <!-- Default suite -->
</testng-results>
